<?xml version="1.0" encoding="UTF-8"?>
<!-- Generated by org.testng.reporters.JUnitXMLReporter -->
<testsuite hostname="miracle65" name="Test" tests="23" failures="2" timestamp="22 Mar 2016 17:13:42 GMT" time="1049.779" errors="0">
  <testcase name="testSiteAdminLogin" time="15.599" classname="com.msb.login.SiteAdmin"/>
  <testcase name="testSiteAdminLogin" time="12.898" classname="com.msb.login.Director"/>
  <testcase name="testSiteAdminLogin" time="16.197" classname="com.msb.login.CSR"/>
  <testcase name="testSiteAdminLogin" time="35.044" classname="com.msb.login.CustomerAdmin"/>
  <testcase name="testSiteAdminLogin" time="36.4" classname="com.msb.login.CustomerTeamLead"/>
  <testcase name="testSiteAdminLogin" time="29.543" classname="com.msb.login.CustomerEmployee"/>
  <testcase name="testSiteAdminLogin" time="34.829" classname="com.msb.login.VendorAdmin"/>
  <testcase name="testSiteAdminLogin" time="14.58" classname="com.msb.login.VendorTeamLead"/>
  <testcase name="testSiteAdminLogin" time="12.146" classname="com.msb.login.VendorEmployee"/>
  <testcase name="testSiteAdminLogin" time="14.899" classname="com.msb.login.ProjectManager"/>
  <testcase name="testSiteAdminLogin" time="12.997" classname="com.msb.login.Manager"/>
  <testcase name="testAccountSearch" time="44.824" classname="com.msb.account.AccountSearch"/>
  <testcase name="testAddAccount" time="22.5" classname="com.msb.account.AddAccount"/>
  <testcase name="testCSRSearch1" time="22.453" classname="com.msb.account.CSRSearch"/>
  <testcase name="testLoggerSearch" time="20.33" classname="com.msb.account.LoggerSearch"/>
  <testcase name="testResetUserPassword1" time="19.741" classname="com.msb.utilities.ResetUserPassword"/>
  <testcase name="testChangeMyPassword2" time="44.817" classname="com.msb.utilities.ChangeMyPassword"/>
  <testcase name="testActionAuthorization" time="82.879" classname="com.msb.utilities.ActionAuthorization">
    <failure type="org.openqa.selenium.ElementNotVisibleException" message="Element is not currently visible and so may not be interacted with
Command duration or timeout: 30.18 seconds
Build info: version: &amp;apos;2.45.0&amp;apos;, revision: &amp;apos;32a636c&amp;apos;, time: &amp;apos;2015-03-05 22:01:35&amp;apos;
System info: host: &amp;apos;miracle65&amp;apos;, ip: &amp;apos;172.17.7.230&amp;apos;, os.name: &amp;apos;Windows 7&amp;apos;, os.arch: &amp;apos;amd64&amp;apos;, os.version: &amp;apos;6.1&amp;apos;, java.version: &amp;apos;1.7.0_80&amp;apos;
Session ID: 4ff27b2b-cb0e-470b-bc9f-c273ab70a14e
Driver info: org.openqa.selenium.firefox.FirefoxDriver
Capabilities [{platform=WINDOWS, acceptSslCerts=true, javascriptEnabled=true, cssSelectorsEnabled=true, databaseEnabled=true, browserName=firefox, handlesAlerts=true, nativeEvents=false, webStorageEnabled=true, rotatable=false, locationContextEnabled=true, applicationCacheEnabled=true, takesScreenshot=true, version=35.0.1}]">
      <![CDATA[org.openqa.selenium.ElementNotVisibleException: Element is not currently visible and so may not be interacted with
Command duration or timeout: 30.18 seconds
Build info: version: '2.45.0', revision: '32a636c', time: '2015-03-05 22:01:35'
System info: host: 'miracle65', ip: '172.17.7.230', os.name: 'Windows 7', os.arch: 'amd64', os.version: '6.1', java.version: '1.7.0_80'
Session ID: 4ff27b2b-cb0e-470b-bc9f-c273ab70a14e
Driver info: org.openqa.selenium.firefox.FirefoxDriver
Capabilities [{platform=WINDOWS, acceptSslCerts=true, javascriptEnabled=true, cssSelectorsEnabled=true, databaseEnabled=true, browserName=firefox, handlesAlerts=true, nativeEvents=false, webStorageEnabled=true, rotatable=false, locationContextEnabled=true, applicationCacheEnabled=true, takesScreenshot=true, version=35.0.1}]
	at org.openqa.selenium.remote.ErrorHandler.createThrowable(ErrorHandler.java:204)
	at org.openqa.selenium.remote.ErrorHandler.throwIfResponseFailed(ErrorHandler.java:156)
	at org.openqa.selenium.remote.RemoteWebDriver.execute(RemoteWebDriver.java:599)
	at org.openqa.selenium.remote.RemoteWebElement.execute(RemoteWebElement.java:268)
	at org.openqa.selenium.remote.RemoteWebElement.click(RemoteWebElement.java:79)
	at com.msb.utilities.ActionAuthorization.testActionAuthorization(ActionAuthorization.java:61)
Caused by: org.openqa.selenium.ElementNotVisibleException: Element is not currently visible and so may not be interacted with
Build info: version: '2.45.0', revision: '32a636c', time: '2015-03-05 22:01:35'
System info: host: 'miracle65', ip: '172.17.7.230', os.name: 'Windows 7', os.arch: 'amd64', os.version: '6.1', java.version: '1.7.0_80'
Driver info: driver.version: unknown
	at <anonymous class>.fxdriver.preconditions.visible(file:///C:/Users/miracle/AppData/Local/Temp/anonymous7137536275941289492webdriver-profile/extensions/fxdriver@googlecode.com/components/command-processor.js:9587)
	at <anonymous class>.DelayedCommand.prototype.checkPreconditions_(file:///C:/Users/miracle/AppData/Local/Temp/anonymous7137536275941289492webdriver-profile/extensions/fxdriver@googlecode.com/components/command-processor.js:12257)
	at <anonymous class>.DelayedCommand.prototype.executeInternal_/h(file:///C:/Users/miracle/AppData/Local/Temp/anonymous7137536275941289492webdriver-profile/extensions/fxdriver@googlecode.com/components/command-processor.js:12274)
	at <anonymous class>.fxdriver.Timer.prototype.setTimeout/<.notify(file:///C:/Users/miracle/AppData/Local/Temp/anonymous7137536275941289492webdriver-profile/extensions/fxdriver@googlecode.com/components/command-processor.js:603)
... Removed 28 stack frames]]>
    </failure>
  </testcase> <!-- testActionAuthorization -->
  <testcase name="testHomeRedirect1" time="149.022" classname="com.msb.utilities.HomeRedirect"/>
  <testcase name="testAssignAccount" time="68.308" classname="com.msb.account.AssignAccount">
    <failure type="org.openqa.selenium.ElementNotVisibleException" message="Element is not currently visible and so may not be interacted with
Command duration or timeout: 30.10 seconds
Build info: version: &amp;apos;2.45.0&amp;apos;, revision: &amp;apos;32a636c&amp;apos;, time: &amp;apos;2015-03-05 22:01:35&amp;apos;
System info: host: &amp;apos;miracle65&amp;apos;, ip: &amp;apos;172.17.7.230&amp;apos;, os.name: &amp;apos;Windows 7&amp;apos;, os.arch: &amp;apos;amd64&amp;apos;, os.version: &amp;apos;6.1&amp;apos;, java.version: &amp;apos;1.7.0_80&amp;apos;
Session ID: 59b457d0-8317-4ac1-be10-8c006500e77c
Driver info: org.openqa.selenium.firefox.FirefoxDriver
Capabilities [{platform=WINDOWS, acceptSslCerts=true, javascriptEnabled=true, cssSelectorsEnabled=true, databaseEnabled=true, browserName=firefox, handlesAlerts=true, nativeEvents=false, webStorageEnabled=true, rotatable=false, locationContextEnabled=true, applicationCacheEnabled=true, takesScreenshot=true, version=35.0.1}]">
      <![CDATA[org.openqa.selenium.ElementNotVisibleException: Element is not currently visible and so may not be interacted with
Command duration or timeout: 30.10 seconds
Build info: version: '2.45.0', revision: '32a636c', time: '2015-03-05 22:01:35'
System info: host: 'miracle65', ip: '172.17.7.230', os.name: 'Windows 7', os.arch: 'amd64', os.version: '6.1', java.version: '1.7.0_80'
Session ID: 59b457d0-8317-4ac1-be10-8c006500e77c
Driver info: org.openqa.selenium.firefox.FirefoxDriver
Capabilities [{platform=WINDOWS, acceptSslCerts=true, javascriptEnabled=true, cssSelectorsEnabled=true, databaseEnabled=true, browserName=firefox, handlesAlerts=true, nativeEvents=false, webStorageEnabled=true, rotatable=false, locationContextEnabled=true, applicationCacheEnabled=true, takesScreenshot=true, version=35.0.1}]
	at org.openqa.selenium.remote.ErrorHandler.createThrowable(ErrorHandler.java:204)
	at org.openqa.selenium.remote.ErrorHandler.throwIfResponseFailed(ErrorHandler.java:156)
	at org.openqa.selenium.remote.RemoteWebDriver.execute(RemoteWebDriver.java:599)
	at org.openqa.selenium.remote.RemoteWebElement.execute(RemoteWebElement.java:268)
	at org.openqa.selenium.remote.RemoteWebElement.click(RemoteWebElement.java:79)
	at com.msb.account.AssignAccount.testAssignAccount(AssignAccount.java:59)
Caused by: org.openqa.selenium.ElementNotVisibleException: Element is not currently visible and so may not be interacted with
Build info: version: '2.45.0', revision: '32a636c', time: '2015-03-05 22:01:35'
System info: host: 'miracle65', ip: '172.17.7.230', os.name: 'Windows 7', os.arch: 'amd64', os.version: '6.1', java.version: '1.7.0_80'
Driver info: driver.version: unknown
	at <anonymous class>.fxdriver.preconditions.visible(file:///C:/Users/miracle/AppData/Local/Temp/anonymous1837499469893295588webdriver-profile/extensions/fxdriver@googlecode.com/components/command-processor.js:9587)
	at <anonymous class>.DelayedCommand.prototype.checkPreconditions_(file:///C:/Users/miracle/AppData/Local/Temp/anonymous1837499469893295588webdriver-profile/extensions/fxdriver@googlecode.com/components/command-processor.js:12257)
	at <anonymous class>.DelayedCommand.prototype.executeInternal_/h(file:///C:/Users/miracle/AppData/Local/Temp/anonymous1837499469893295588webdriver-profile/extensions/fxdriver@googlecode.com/components/command-processor.js:12274)
	at <anonymous class>.fxdriver.Timer.prototype.setTimeout/<.notify(file:///C:/Users/miracle/AppData/Local/Temp/anonymous1837499469893295588webdriver-profile/extensions/fxdriver@googlecode.com/components/command-processor.js:603)
... Removed 28 stack frames]]>
    </failure>
  </testcase> <!-- testAssignAccount -->
  <testcase name="testAccountUpload" time="68.46" classname="com.msb.utilities.AccountUpload"/>
  <testcase name="testContactUpload" time="84.956" classname="com.msb.utilities.ContactUpload"/>
  <testcase name="testRequirementDashboard" time="50.235" classname="com.msb.dashboard.RequirementDashboard"/>
</testsuite> <!-- Test -->
